<?xml version="1.0" encoding="UTF-8"?>
<robot generator="Robot 7.0 (Python 3.12.2 on win32)" generated="2024-03-17T10:09:32.382862" rpa="false" schemaversion="5">
<suite id="s1" name="Signup" source="C:\Users\allys\Desktop\Robot\WalkDog\tests\signup.robot">
<test id="s1-t1" name="Não deve realizar cadastro se os compos obrigatórios não forem preenchidos" line="58">
<kw name="Create Dictionary" owner="BuiltIn">
<msg time="2024-03-17T10:09:33.163585" level="INFO">${dog_walker} = {'signup_page_text': 'Faça seu cadastro', 'page_text': 'Cuidado e diversão em cada passo'}</msg>
<var>${dog_walker}</var>
<arg>signup_page_text=Faça seu cadastro</arg>
<arg>page_text=Cuidado e diversão em cada passo</arg>
<doc>Creates and returns a dictionary based on the given ``items``.</doc>
<status status="PASS" start="2024-03-17T10:09:33.162963" elapsed="0.000622"/>
</kw>
<kw name="Start session" owner="Base">
<kw name="New Browser" owner="Browser">
<msg time="2024-03-17T10:09:33.164105" level="INFO">{"browser": "chromium", "headless": false, "chromiumSandbox": false, "devtools": false, "handleSIGHUP": true, "handleSIGINT": true, "handleSIGTERM": true, "slowMo": 0.0, "timeout": 30000.0, "tracesDir": "C:\\Users\\allys\\Desktop\\Robot\\WalkDog\\results\\browser\\traces\\df83138e-33ba-41b5-9b07-36210a2bbbd1"}</msg>
<msg time="2024-03-17T10:09:33.758465" level="INFO">Successfully created browser with options: {"browser":"chromium","headless":false,"chromiumSandbox":false,"devtools":false,"handleSIGHUP":true,"handleSIGINT":true,"handleSIGTERM":true,"slowMo":0,"timeout":30000,"tracesDir":"C:\\Users\\allys\\Desktop\\Robot\\WalkDog\\results\\browser\\traces\\df83138e-33ba-41b5-9b07-36210a2bbbd1"}</msg>
<arg>chromium</arg>
<arg>headless=False</arg>
<tag>BrowserControl</tag>
<tag>Setter</tag>
<doc>Create a new playwright Browser with specified options.</doc>
<status status="PASS" start="2024-03-17T10:09:33.164105" elapsed="0.594360"/>
</kw>
<kw name="New Page" owner="Browser">
<msg time="2024-03-17T10:09:34.914429" level="INFO">Successfully initialized new page object and opened url: https://walkdog.vercel.app/</msg>
<msg time="2024-03-17T10:09:34.914429" level="INFO">No context was open. New context was automatically opened when this page is created.</msg>
<arg>https://walkdog.vercel.app/</arg>
<tag>BrowserControl</tag>
<tag>Setter</tag>
<doc>Open a new Page.</doc>
<status status="PASS" start="2024-03-17T10:09:33.762870" elapsed="1.151559"/>
</kw>
<kw name="Get Text" owner="Browser">
<msg time="2024-03-17T10:09:35.023677" level="INFO">Text: 'Cuidado e diversão em cada passo'</msg>
<arg>h1</arg>
<arg>contains</arg>
<arg>Cuidado e diversão em cada passo</arg>
<tag>Assertion</tag>
<tag>Getter</tag>
<tag>PageContent</tag>
<doc>Returns text attribute of the element found by ``selector``.</doc>
<status status="PASS" start="2024-03-17T10:09:34.914429" elapsed="0.109248"/>
</kw>
<status status="PASS" start="2024-03-17T10:09:33.164105" elapsed="1.859572"/>
</kw>
<kw name="Go to signup page" owner="signup">
<kw name="Click" owner="Browser">
<arg>css=a[href="/signup"]</arg>
<tag>PageContent</tag>
<tag>Setter</tag>
<doc>Simulates mouse click on the element found by ``selector``.</doc>
<status status="PASS" start="2024-03-17T10:09:35.023677" elapsed="0.184040"/>
</kw>
<kw name="Wait For Elements State" owner="Browser">
<msg time="2024-03-17T10:09:35.223606" level="INFO">Waited for Element with selector form h1 at state visible</msg>
<arg>form h1</arg>
<arg>visible</arg>
<arg>500</arg>
<tag>PageContent</tag>
<tag>Wait</tag>
<doc>Waits for the element found by ``selector`` to satisfy state option.</doc>
<status status="PASS" start="2024-03-17T10:09:35.207717" elapsed="0.016905"/>
</kw>
<kw name="Get Text" owner="Browser">
<msg time="2024-03-17T10:09:35.261782" level="INFO">Text: 'Faça seu cadastro'</msg>
<arg>h1</arg>
<arg>equal</arg>
<arg>${dog_walker}[signup_page_text]</arg>
<tag>Assertion</tag>
<tag>Getter</tag>
<tag>PageContent</tag>
<doc>Returns text attribute of the element found by ``selector``.</doc>
<status status="PASS" start="2024-03-17T10:09:35.224622" elapsed="0.037160"/>
</kw>
<arg>${dog_walker}</arg>
<status status="PASS" start="2024-03-17T10:09:35.023677" elapsed="0.238105"/>
</kw>
<kw name="Submit signup form" owner="signup">
<kw name="Click" owner="Browser">
<arg>css=.button-register</arg>
<tag>PageContent</tag>
<tag>Setter</tag>
<doc>Simulates mouse click on the element found by ``selector``.</doc>
<status status="PASS" start="2024-03-17T10:09:35.264823" elapsed="0.069718"/>
</kw>
<arg>${dog_walker}</arg>
<status status="PASS" start="2024-03-17T10:09:35.261782" elapsed="0.072759"/>
</kw>
<kw name="Finish session" owner="Base">
<kw name="Take Screenshot" owner="Browser">
<msg time="2024-03-17T10:09:35.648812" level="INFO" html="true">&lt;/td&gt;&lt;/tr&gt;&lt;tr&gt;&lt;td colspan="3"&gt;&lt;a href="browser/screenshot/robotframework-browser-screenshot-1.png" target="_blank"&gt;&lt;img src="browser/screenshot/robotframework-browser-screenshot-1.png" width="800px"/&gt;&lt;/a&gt;</msg>
<arg>fullPage=True</arg>
<tag>PageContent</tag>
<doc>Takes a screenshot of the current window or element and saves it to disk.</doc>
<status status="PASS" start="2024-03-17T10:09:35.335418" elapsed="0.313394"/>
</kw>
<status status="PASS" start="2024-03-17T10:09:35.334541" elapsed="0.314271"/>
</kw>
<tag>campos_obrigatorios</tag>
<status status="PASS" start="2024-03-17T10:09:33.156937" elapsed="2.492883"/>
</test>
<doc>Suite de testes cadastro</doc>
<status status="PASS" start="2024-03-17T10:09:32.383901" elapsed="3.395654"/>
</suite>
<statistics>
<total>
<stat pass="1" fail="0" skip="0">All Tests</stat>
</total>
<tag>
<stat pass="1" fail="0" skip="0">campos_obrigatorios</stat>
</tag>
<suite>
<stat pass="1" fail="0" skip="0" id="s1" name="Signup">Signup</stat>
</suite>
</statistics>
<errors>
</errors>
</robot>
